[01m[K/home/dy/ros2_ws/src/my_package/src/my_node.cpp:[m[K In member function ‘[01m[Kvoid TurtleTeleop::drawCircle()[m[K’:
[01m[K/home/dy/ros2_ws/src/my_package/src/my_node.cpp:129:9:[m[K [01;31m[Kerror: [m[K‘[01m[Ktwist_[m[K’ was not declared in this scope
  129 |         [01;31m[Ktwist_[m[K.linear.x = 3.0;  // 원 그리기 속도 설정
      |         [01;31m[K^~~~~~[m[K
gmake[2]: *** [CMakeFiles/my_node.dir/build.make:76: CMakeFiles/my_node.dir/src/my_node.cpp.o] Error 1
gmake[1]: *** [CMakeFiles/Makefile2:137: CMakeFiles/my_node.dir/all] Error 2
gmake: *** [Makefile:146: all] Error 2
