[0.008s] Invoking command in '/home/dy/ros2_ws/build/my_package': CMAKE_PREFIX_PATH=/opt/ros/humble /usr/bin/cmake --build /home/dy/ros2_ws/build/my_package -- -j16 -l16
[0.031s] -- Found ament_cmake: 1.3.10 (/opt/ros/humble/share/ament_cmake/cmake)
[0.118s] -- Found rclcpp: 16.0.10 (/opt/ros/humble/share/rclcpp/cmake)
[0.136s] -- Found rosidl_generator_c: 3.1.5 (/opt/ros/humble/share/rosidl_generator_c/cmake)
[0.138s] -- Found rosidl_adapter: 3.1.5 (/opt/ros/humble/share/rosidl_adapter/cmake)
[0.142s] -- Found rosidl_generator_cpp: 3.1.5 (/opt/ros/humble/share/rosidl_generator_cpp/cmake)
[0.148s] -- Using all available rosidl_typesupport_c: rosidl_typesupport_fastrtps_c;rosidl_typesupport_introspection_c
[0.155s] -- Using all available rosidl_typesupport_cpp: rosidl_typesupport_fastrtps_cpp;rosidl_typesupport_introspection_cpp
[0.176s] -- Found rmw_implementation_cmake: 6.1.2 (/opt/ros/humble/share/rmw_implementation_cmake/cmake)
[0.177s] -- Found rmw_fastrtps_cpp: 6.2.7 (/opt/ros/humble/share/rmw_fastrtps_cpp/cmake)
[0.251s] -- Using RMW implementation 'rmw_fastrtps_cpp' as default
[0.284s] -- Found geometry_msgs: 4.2.4 (/opt/ros/humble/share/geometry_msgs/cmake)
[0.292s] -- Found turtlesim: 1.4.2 (/opt/ros/humble/share/turtlesim/cmake)
[0.316s] -- Found ament_lint_auto: 0.12.11 (/opt/ros/humble/share/ament_lint_auto/cmake)
[0.360s] -- Added test 'cppcheck' to perform static code analysis on C / C++ code
[0.360s] -- Configured cppcheck include dirs: $<BUILD_INTERFACE:/home/dy/ros2_ws/src/my_package/include>
[0.360s] -- Configured cppcheck exclude dirs and/or files: 
[0.360s] -- Added test 'lint_cmake' to check CMake code style
[0.360s] -- Added test 'uncrustify' to check C / C++ code style
[0.360s] -- Configured uncrustify additional arguments: 
[0.360s] -- Added test 'xmllint' to check XML markup files
[0.361s] -- Configuring done
[0.367s] -- Generating done
[0.367s] -- Build files have been written to: /home/dy/ros2_ws/build/my_package
[0.387s] [35m[1mConsolidate compiler generated dependencies of target my_node[0m
[0.401s] [ 50%] [32mBuilding CXX object CMakeFiles/my_node.dir/src/my_node.cpp.o[0m
[1.867s] [01m[K/home/dy/ros2_ws/src/my_package/src/my_node.cpp:[m[K In member function ‚Äò[01m[Kvoid TurtleTeleop::keyLoop()[m[K‚Äô:
[1.867s] [01m[K/home/dy/ros2_ws/src/my_package/src/my_node.cpp:67:13:[m[K [01;31m[Kerror: [m[Kduplicate case value
[1.867s]    67 |             [01;31m[Kcase[m[K 'C': // Ïõê Í∑∏Î¶¨Í∏∞
[1.867s]       |             [01;31m[K^~~~[m[K
[1.867s] [01m[K/home/dy/ros2_ws/src/my_package/src/my_node.cpp:52:13:[m[K [01;36m[Knote: [m[Kpreviously used here
[1.867s]    52 |             [01;36m[Kcase[m[K 'C': // ‚Üí Î∞©Ìñ•ÌÇ§
[1.867s]       |             [01;36m[K^~~~[m[K
[2.506s] gmake[2]: *** [CMakeFiles/my_node.dir/build.make:76: CMakeFiles/my_node.dir/src/my_node.cpp.o] Error 1
[2.506s] gmake[1]: *** [CMakeFiles/Makefile2:137: CMakeFiles/my_node.dir/all] Error 2
[2.506s] gmake: *** [Makefile:146: all] Error 2
[2.509s] Invoked command in '/home/dy/ros2_ws/build/my_package' returned '2': CMAKE_PREFIX_PATH=/opt/ros/humble /usr/bin/cmake --build /home/dy/ros2_ws/build/my_package -- -j16 -l16
