[0.006s] Invoking command in '/home/dy/ros2_ws/build/my_package': CMAKE_PREFIX_PATH=/opt/ros/humble /usr/bin/cmake --build /home/dy/ros2_ws/build/my_package -- -j16 -l16
[0.027s] -- Found ament_cmake: 1.3.10 (/opt/ros/humble/share/ament_cmake/cmake)
[0.118s] -- Found ament_lint_auto: 0.12.11 (/opt/ros/humble/share/ament_lint_auto/cmake)
[0.166s] -- Added test 'cppcheck' to perform static code analysis on C / C++ code
[0.166s] -- Configured cppcheck include dirs: $<BUILD_INTERFACE:/home/dy/ros2_ws/src/my_package/include>
[0.166s] -- Configured cppcheck exclude dirs and/or files: 
[0.167s] -- Added test 'lint_cmake' to check CMake code style
[0.167s] -- Added test 'uncrustify' to check C / C++ code style
[0.167s] -- Configured uncrustify additional arguments: 
[0.168s] -- Added test 'xmllint' to check XML markup files
[0.168s] -- Configuring done
[0.170s] -- Generating done
[0.171s] -- Build files have been written to: /home/dy/ros2_ws/build/my_package
[0.188s] [35m[1mConsolidate compiler generated dependencies of target my_node[0m
[0.196s] [ 50%] [32mBuilding CXX object CMakeFiles/my_node.dir/src/my_node.cpp.o[0m
[0.216s] [01m[K/home/dy/ros2_ws/src/my_package/src/my_node.cpp:2:10:[m[K [01;31m[Kfatal error: [m[Krclcpp/rclcpp.hpp: No such file or directory
[0.217s]     2 | #include [01;31m[K<rclcpp/rclcpp.hpp>[m[K
[0.217s]       |          [01;31m[K^~~~~~~~~~~~~~~~~~~[m[K
[0.217s] compilation terminated.
[0.217s] gmake[2]: *** [CMakeFiles/my_node.dir/build.make:76: CMakeFiles/my_node.dir/src/my_node.cpp.o] Error 1
[0.217s] gmake[1]: *** [CMakeFiles/Makefile2:137: CMakeFiles/my_node.dir/all] Error 2
[0.217s] gmake: *** [Makefile:146: all] Error 2
[0.220s] Invoked command in '/home/dy/ros2_ws/build/my_package' returned '2': CMAKE_PREFIX_PATH=/opt/ros/humble /usr/bin/cmake --build /home/dy/ros2_ws/build/my_package -- -j16 -l16
