[ 50%] [32mBuilding CXX object CMakeFiles/my_node.dir/src/my_node.cpp.o[0m
[01m[K/home/dy/ros2_ws/src/my_package/src/my_node.cpp:3:10:[m[K [01;31m[Kfatal error: [m[Kturtlesim/srv/teleport_absolute.hpp: No such file or directory
    3 | #include [01;31m[K<turtlesim/srv/teleport_absolute.hpp>[m[K
      |          [01;31m[K^~~~~~~~~~~~~~~~~~~~~~~~~~~~~~~~~~~~~[m[K
compilation terminated.
gmake[2]: *** [CMakeFiles/my_node.dir/build.make:76: CMakeFiles/my_node.dir/src/my_node.cpp.o] Error 1
gmake[1]: *** [CMakeFiles/Makefile2:137: CMakeFiles/my_node.dir/all] Error 2
gmake: *** [Makefile:146: all] Error 2
