[0.007s] Invoking command in '/home/dy/ros2_ws/build/my_package': CMAKE_PREFIX_PATH=/opt/ros/humble /usr/bin/cmake --build /home/dy/ros2_ws/build/my_package -- -j16 -l16
[0.041s] [ 50%] [32mBuilding CXX object CMakeFiles/my_node.dir/src/my_node.cpp.o[0m
[0.063s] [01m[K/home/dy/ros2_ws/src/my_package/src/my_node.cpp:2:10:[m[K [01;31m[Kfatal error: [m[Krclcpp/rclcpp.hpp: No such file or directory
[0.063s]     2 | #include [01;31m[K<rclcpp/rclcpp.hpp>[m[K
[0.063s]       |          [01;31m[K^~~~~~~~~~~~~~~~~~~[m[K
[0.063s] compilation terminated.
[0.064s] gmake[2]: *** [CMakeFiles/my_node.dir/build.make:76: CMakeFiles/my_node.dir/src/my_node.cpp.o] Error 1
[0.064s] gmake[1]: *** [CMakeFiles/Makefile2:137: CMakeFiles/my_node.dir/all] Error 2
[0.064s] gmake: *** [Makefile:146: all] Error 2
[0.066s] Invoked command in '/home/dy/ros2_ws/build/my_package' returned '2': CMAKE_PREFIX_PATH=/opt/ros/humble /usr/bin/cmake --build /home/dy/ros2_ws/build/my_package -- -j16 -l16
