[01m[K/home/dy/ros2_ws/src/my_package/src/my_node.cpp:[m[K In member function â€˜[01m[Kvoid TurtleTeleop::drawCircle()[m[Kâ€™:
[01m[K/home/dy/ros2_ws/src/my_package/src/my_node.cpp:129:9:[m[K [01;31m[Kerror: [m[Kâ€˜[01m[Ktwist_[m[Kâ€™ was not declared in this scope
  129 |         [01;31m[Ktwist_[m[K.linear.x = 3.0;  // ì› ê·¸ë¦¬ê¸° ì†ë„ ì„¤ì •
      |         [01;31m[K^~~~~~[m[K
gmake[2]: *** [CMakeFiles/my_node.dir/build.make:76: CMakeFiles/my_node.dir/src/my_node.cpp.o] Error 1
gmake[1]: *** [CMakeFiles/Makefile2:137: CMakeFiles/my_node.dir/all] Error 2
gmake: *** [Makefile:146: all] Error 2
