[0.007s] Invoking command in '/home/dy/ros2_ws/build/my_package': CMAKE_PREFIX_PATH=${CMAKE_PREFIX_PATH}:/opt/ros/humble /usr/bin/cmake --build /home/dy/ros2_ws/build/my_package -- -j16 -l16
[0.038s] [35m[1mConsolidate compiler generated dependencies of target my_node[0m
[0.050s] [ 50%] [32mBuilding CXX object CMakeFiles/my_node.dir/src/my_node.cpp.o[0m
[1.416s] [01m[K/home/dy/ros2_ws/src/my_package/src/my_node.cpp:[m[K In member function ‚Äò[01m[Kvoid TurtleTeleop::drawCircle()[m[K‚Äô:
[1.416s] [01m[K/home/dy/ros2_ws/src/my_package/src/my_node.cpp:129:9:[m[K [01;31m[Kerror: [m[K‚Äò[01m[Ktwist_[m[K‚Äô was not declared in this scope
[1.416s]   129 |         [01;31m[Ktwist_[m[K.linear.x = 3.0;  // Ïõê Í∑∏Î¶¨Í∏∞ ÏÜçÎèÑ ÏÑ§Ï†ï
[1.416s]       |         [01;31m[K^~~~~~[m[K
[2.003s] gmake[2]: *** [CMakeFiles/my_node.dir/build.make:76: CMakeFiles/my_node.dir/src/my_node.cpp.o] Error 1
[2.003s] gmake[1]: *** [CMakeFiles/Makefile2:137: CMakeFiles/my_node.dir/all] Error 2
[2.004s] gmake: *** [Makefile:146: all] Error 2
[2.005s] Invoked command in '/home/dy/ros2_ws/build/my_package' returned '2': CMAKE_PREFIX_PATH=${CMAKE_PREFIX_PATH}:/opt/ros/humble /usr/bin/cmake --build /home/dy/ros2_ws/build/my_package -- -j16 -l16
