[35m[1mConsolidate compiler generated dependencies of target my_node[0m
[ 50%] [32mBuilding CXX object CMakeFiles/my_node.dir/src/my_node.cpp.o[0m
[01m[K/home/dy/ros2_ws/src/my_package/src/my_node.cpp:[m[K In member function ‚Äò[01m[Kvoid TurtleControlNode::processKeyInput()[m[K‚Äô:
[01m[K/home/dy/ros2_ws/src/my_package/src/my_node.cpp:47:13:[m[K [01;31m[Kerror: [m[K‚Äò[01m[Kgetch[m[K‚Äô was not declared in this scope; did you mean ‚Äò[01m[Kgetc[m[K‚Äô?
   47 |             [01;31m[Kgetch[m[K(); // '[' Î¨∏Ïûê ÏùΩÍ∏∞
      |             [01;31m[K^~~~~[m[K
      |             [32m[Kgetc[m[K
gmake[2]: *** [CMakeFiles/my_node.dir/build.make:76: CMakeFiles/my_node.dir/src/my_node.cpp.o] Error 1
gmake[1]: *** [CMakeFiles/Makefile2:137: CMakeFiles/my_node.dir/all] Error 2
gmake: *** [Makefile:146: all] Error 2
